2019-01-26 13:40:04,841 [Worker-1] INFO  c.g.t.t.d.PublishedGradleVersions - Gradle version information cache is out-of-date. Trying to update.
2019-01-26 13:40:48,099 [ModalContext] INFO  o.e.m.c.i.e.AbstractTransferListenerAdapter - Downloading https://repo.maven.apache.org/maven2/org/apache/maven/archetypes/maven-archetype-quickstart/1.1/maven-archetype-quickstart-1.1.jar
2019-01-26 13:40:48,492 [ModalContext] INFO  o.e.m.c.i.e.AbstractTransferListenerAdapter - Downloaded https://repo.maven.apache.org/maven2/org/apache/maven/archetypes/maven-archetype-quickstart/1.1/maven-archetype-quickstart-1.1.jar
2019-01-26 13:40:48,696 [ModalContext] INFO  o.e.m.c.i.e.AbstractTransferListenerAdapter - Downloading https://repo.maven.apache.org/maven2/org/apache/maven/archetypes/maven-archetype-quickstart/1.1/maven-archetype-quickstart-1.1.pom
2019-01-26 13:40:49,152 [ModalContext] INFO  o.e.m.c.i.e.AbstractTransferListenerAdapter - Downloaded https://repo.maven.apache.org/maven2/org/apache/maven/archetypes/maven-archetype-quickstart/1.1/maven-archetype-quickstart-1.1.pom
2019-01-26 13:41:44,743 [Worker-0] INFO  o.e.m.c.i.p.ProjectConfigurationManager - Collecting project info '/pom.xml' /home/divyendu/Desktop/Design Patterns/Java/Singleton Pattern/designPatterns/pom.xml
2019-01-26 13:41:48,028 [Worker-0] INFO  o.e.m.c.i.l.LifecycleMappingFactory - Using org.eclipse.m2e.jdt.JarLifecycleMapping lifecycle mapping for MavenProject: com.divyendu:designPatterns:0.0.1-SNAPSHOT @ /home/divyendu/Desktop/Design Patterns/Java/Singleton Pattern/designPatterns/pom.xml.
2019-01-26 13:41:49,706 [Worker-0] INFO  o.e.m.j.i.AbstractJavaProjectConfigurator - Adding source folder /designPatterns/src/main/java
2019-01-26 13:41:49,709 [Worker-0] INFO  o.e.m.j.i.AbstractJavaProjectConfigurator - Adding source folder /designPatterns/src/test/java
2019-01-26 13:41:51,083 [Worker-0] INFO  o.e.m.c.i.p.ProjectConfigurationManager - Imported and configured 1 project(s) in 6 sec
2019-01-26 13:41:54,927 [Worker-13] INFO  o.e.m.c.i.embedder.EclipseLogger - Using 'UTF-8' encoding to copy filtered resources.
2019-01-26 13:41:54,927 [Worker-13] INFO  o.e.m.c.i.embedder.EclipseLogger - skip non existing resourceDirectory /home/divyendu/Desktop/Design Patterns/Java/Singleton Pattern/designPatterns/src/main/resources
2019-01-26 13:41:54,944 [Worker-13] INFO  o.e.m.c.i.embedder.EclipseLogger - Using 'UTF-8' encoding to copy filtered resources.
2019-01-26 13:41:54,944 [Worker-13] INFO  o.e.m.c.i.embedder.EclipseLogger - skip non existing resourceDirectory /home/divyendu/Desktop/Design Patterns/Java/Singleton Pattern/designPatterns/src/test/resources
2019-01-26 13:42:14,287 [Worker-6] INFO  o.e.m.c.i.embedder.EclipseLogger - Using 'UTF-8' encoding to copy filtered resources.
2019-01-26 13:42:14,287 [Worker-6] INFO  o.e.m.c.i.embedder.EclipseLogger - skip non existing resourceDirectory /home/divyendu/Desktop/Design Patterns/Java/Singleton Pattern/designPatterns/src/main/resources
2019-01-26 13:42:14,290 [Worker-6] INFO  o.e.m.c.i.embedder.EclipseLogger - Using 'UTF-8' encoding to copy filtered resources.
2019-01-26 13:42:14,290 [Worker-6] INFO  o.e.m.c.i.embedder.EclipseLogger - skip non existing resourceDirectory /home/divyendu/Desktop/Design Patterns/Java/Singleton Pattern/designPatterns/src/test/resources
2019-01-26 13:42:43,844 [Worker-14] INFO  o.e.m.c.i.embedder.EclipseLogger - Using 'UTF-8' encoding to copy filtered resources.
2019-01-26 13:42:43,857 [Worker-14] INFO  o.e.m.c.i.embedder.EclipseLogger - skip non existing resourceDirectory /home/divyendu/Desktop/Design Patterns/Java/Singleton Pattern/designPatterns/src/main/resources
2019-01-26 13:42:43,860 [Worker-14] INFO  o.e.m.c.i.embedder.EclipseLogger - Using 'UTF-8' encoding to copy filtered resources.
2019-01-26 13:42:43,860 [Worker-14] INFO  o.e.m.c.i.embedder.EclipseLogger - skip non existing resourceDirectory /home/divyendu/Desktop/Design Patterns/Java/Singleton Pattern/designPatterns/src/test/resources
2019-01-26 13:58:06,176 [Worker-20] INFO  o.e.m.c.i.embedder.EclipseLogger - Using 'UTF-8' encoding to copy filtered resources.
2019-01-26 13:58:06,176 [Worker-20] INFO  o.e.m.c.i.embedder.EclipseLogger - skip non existing resourceDirectory /home/divyendu/Desktop/Design Patterns/Java/Singleton Pattern/designPatterns/src/main/resources
2019-01-26 13:58:06,178 [Worker-20] INFO  o.e.m.c.i.embedder.EclipseLogger - Using 'UTF-8' encoding to copy filtered resources.
2019-01-26 13:58:06,178 [Worker-20] INFO  o.e.m.c.i.embedder.EclipseLogger - skip non existing resourceDirectory /home/divyendu/Desktop/Design Patterns/Java/Singleton Pattern/designPatterns/src/test/resources
2019-01-26 13:58:48,442 [Worker-18] INFO  o.e.m.c.i.embedder.EclipseLogger - Using 'UTF-8' encoding to copy filtered resources.
2019-01-26 13:58:48,442 [Worker-18] INFO  o.e.m.c.i.embedder.EclipseLogger - skip non existing resourceDirectory /home/divyendu/Desktop/Design Patterns/Java/Singleton Pattern/designPatterns/src/main/resources
2019-01-26 13:58:48,444 [Worker-18] INFO  o.e.m.c.i.embedder.EclipseLogger - Using 'UTF-8' encoding to copy filtered resources.
2019-01-26 13:58:48,444 [Worker-18] INFO  o.e.m.c.i.embedder.EclipseLogger - skip non existing resourceDirectory /home/divyendu/Desktop/Design Patterns/Java/Singleton Pattern/designPatterns/src/test/resources
2019-01-26 14:10:32,361 [Worker-20] INFO  o.e.m.c.i.embedder.EclipseLogger - Using 'UTF-8' encoding to copy filtered resources.
2019-01-26 14:10:32,362 [Worker-20] INFO  o.e.m.c.i.embedder.EclipseLogger - skip non existing resourceDirectory /home/divyendu/Desktop/Design Patterns/Java/Singleton Pattern/designPatterns/src/main/resources
2019-01-26 14:10:32,363 [Worker-20] INFO  o.e.m.c.i.embedder.EclipseLogger - Using 'UTF-8' encoding to copy filtered resources.
2019-01-26 14:10:32,364 [Worker-20] INFO  o.e.m.c.i.embedder.EclipseLogger - skip non existing resourceDirectory /home/divyendu/Desktop/Design Patterns/Java/Singleton Pattern/designPatterns/src/test/resources
2019-01-26 14:11:01,748 [Worker-26] INFO  o.e.m.c.i.embedder.EclipseLogger - Using 'UTF-8' encoding to copy filtered resources.
2019-01-26 14:11:01,748 [Worker-26] INFO  o.e.m.c.i.embedder.EclipseLogger - skip non existing resourceDirectory /home/divyendu/Desktop/Design Patterns/Java/Singleton Pattern/designPatterns/src/main/resources
2019-01-26 14:11:01,750 [Worker-26] INFO  o.e.m.c.i.embedder.EclipseLogger - Using 'UTF-8' encoding to copy filtered resources.
2019-01-26 14:11:01,750 [Worker-26] INFO  o.e.m.c.i.embedder.EclipseLogger - skip non existing resourceDirectory /home/divyendu/Desktop/Design Patterns/Java/Singleton Pattern/designPatterns/src/test/resources
2019-01-26 14:11:12,218 [Worker-23] INFO  o.e.m.c.i.embedder.EclipseLogger - Using 'UTF-8' encoding to copy filtered resources.
2019-01-26 14:11:12,218 [Worker-23] INFO  o.e.m.c.i.embedder.EclipseLogger - skip non existing resourceDirectory /home/divyendu/Desktop/Design Patterns/Java/Singleton Pattern/designPatterns/src/main/resources
2019-01-26 14:11:12,227 [Worker-23] INFO  o.e.m.c.i.embedder.EclipseLogger - Using 'UTF-8' encoding to copy filtered resources.
2019-01-26 14:11:12,227 [Worker-23] INFO  o.e.m.c.i.embedder.EclipseLogger - skip non existing resourceDirectory /home/divyendu/Desktop/Design Patterns/Java/Singleton Pattern/designPatterns/src/test/resources
2019-01-26 14:14:46,277 [Worker-24] INFO  o.e.m.c.i.embedder.EclipseLogger - Using 'UTF-8' encoding to copy filtered resources.
2019-01-26 14:14:46,277 [Worker-24] INFO  o.e.m.c.i.embedder.EclipseLogger - skip non existing resourceDirectory /home/divyendu/Desktop/Design Patterns/Java/Singleton Pattern/designPatterns/src/main/resources
2019-01-26 14:14:46,281 [Worker-24] INFO  o.e.m.c.i.embedder.EclipseLogger - Using 'UTF-8' encoding to copy filtered resources.
2019-01-26 14:14:46,282 [Worker-24] INFO  o.e.m.c.i.embedder.EclipseLogger - skip non existing resourceDirectory /home/divyendu/Desktop/Design Patterns/Java/Singleton Pattern/designPatterns/src/test/resources
2019-01-26 14:18:13,139 [Worker-23] INFO  o.e.m.c.i.embedder.EclipseLogger - Using 'UTF-8' encoding to copy filtered resources.
2019-01-26 14:18:13,139 [Worker-23] INFO  o.e.m.c.i.embedder.EclipseLogger - skip non existing resourceDirectory /home/divyendu/Desktop/Design Patterns/Java/Singleton Pattern/designPatterns/src/main/resources
2019-01-26 14:18:13,141 [Worker-23] INFO  o.e.m.c.i.embedder.EclipseLogger - Using 'UTF-8' encoding to copy filtered resources.
2019-01-26 14:18:13,142 [Worker-23] INFO  o.e.m.c.i.embedder.EclipseLogger - skip non existing resourceDirectory /home/divyendu/Desktop/Design Patterns/Java/Singleton Pattern/designPatterns/src/test/resources
2019-01-26 14:44:51,387 [Worker-41] INFO  o.e.m.c.i.embedder.EclipseLogger - Using 'UTF-8' encoding to copy filtered resources.
2019-01-26 14:44:51,405 [Worker-41] INFO  o.e.m.c.i.embedder.EclipseLogger - skip non existing resourceDirectory /home/divyendu/Desktop/Design Patterns/Java/Singleton Pattern/designPatterns/src/main/resources
2019-01-26 14:44:51,406 [Worker-41] INFO  o.e.m.c.i.embedder.EclipseLogger - Using 'UTF-8' encoding to copy filtered resources.
2019-01-26 14:44:51,421 [Worker-41] INFO  o.e.m.c.i.embedder.EclipseLogger - skip non existing resourceDirectory /home/divyendu/Desktop/Design Patterns/Java/Singleton Pattern/designPatterns/src/test/resources
2019-01-26 14:45:37,306 [Worker-40] INFO  o.e.m.c.i.embedder.EclipseLogger - Using 'UTF-8' encoding to copy filtered resources.
2019-01-26 14:45:37,307 [Worker-40] INFO  o.e.m.c.i.embedder.EclipseLogger - skip non existing resourceDirectory /home/divyendu/Desktop/Design Patterns/Java/Singleton Pattern/designPatterns/src/main/resources
2019-01-26 14:45:37,312 [Worker-40] INFO  o.e.m.c.i.embedder.EclipseLogger - Using 'UTF-8' encoding to copy filtered resources.
2019-01-26 14:45:37,313 [Worker-40] INFO  o.e.m.c.i.embedder.EclipseLogger - skip non existing resourceDirectory /home/divyendu/Desktop/Design Patterns/Java/Singleton Pattern/designPatterns/src/test/resources
2019-01-26 14:49:31,739 [Worker-42] INFO  o.e.m.c.i.embedder.EclipseLogger - Using 'UTF-8' encoding to copy filtered resources.
2019-01-26 14:49:31,748 [Worker-42] INFO  o.e.m.c.i.embedder.EclipseLogger - skip non existing resourceDirectory /home/divyendu/Desktop/Design Patterns/Java/Singleton Pattern/designPatterns/src/main/resources
2019-01-26 14:49:31,753 [Worker-42] INFO  o.e.m.c.i.embedder.EclipseLogger - Using 'UTF-8' encoding to copy filtered resources.
2019-01-26 14:49:31,753 [Worker-42] INFO  o.e.m.c.i.embedder.EclipseLogger - skip non existing resourceDirectory /home/divyendu/Desktop/Design Patterns/Java/Singleton Pattern/designPatterns/src/test/resources
2019-01-26 14:52:05,754 [Worker-45] INFO  o.e.m.c.i.embedder.EclipseLogger - Using 'UTF-8' encoding to copy filtered resources.
2019-01-26 14:52:05,754 [Worker-45] INFO  o.e.m.c.i.embedder.EclipseLogger - skip non existing resourceDirectory /home/divyendu/Desktop/Design Patterns/Java/Singleton Pattern/designPatterns/src/main/resources
2019-01-26 14:52:05,756 [Worker-45] INFO  o.e.m.c.i.embedder.EclipseLogger - Using 'UTF-8' encoding to copy filtered resources.
2019-01-26 14:52:05,756 [Worker-45] INFO  o.e.m.c.i.embedder.EclipseLogger - skip non existing resourceDirectory /home/divyendu/Desktop/Design Patterns/Java/Singleton Pattern/designPatterns/src/test/resources
2019-01-26 14:52:11,799 [Worker-46] INFO  o.e.m.c.i.embedder.EclipseLogger - Using 'UTF-8' encoding to copy filtered resources.
2019-01-26 14:52:11,799 [Worker-46] INFO  o.e.m.c.i.embedder.EclipseLogger - skip non existing resourceDirectory /home/divyendu/Desktop/Design Patterns/Java/Singleton Pattern/designPatterns/src/main/resources
2019-01-26 14:52:11,801 [Worker-46] INFO  o.e.m.c.i.embedder.EclipseLogger - Using 'UTF-8' encoding to copy filtered resources.
2019-01-26 14:52:11,802 [Worker-46] INFO  o.e.m.c.i.embedder.EclipseLogger - skip non existing resourceDirectory /home/divyendu/Desktop/Design Patterns/Java/Singleton Pattern/designPatterns/src/test/resources
2019-01-26 14:55:58,417 [Worker-50] INFO  o.e.m.c.i.embedder.EclipseLogger - Using 'UTF-8' encoding to copy filtered resources.
2019-01-26 14:55:58,417 [Worker-50] INFO  o.e.m.c.i.embedder.EclipseLogger - skip non existing resourceDirectory /home/divyendu/Desktop/Design Patterns/Java/Singleton Pattern/designPatterns/src/main/resources
2019-01-26 14:55:58,420 [Worker-50] INFO  o.e.m.c.i.embedder.EclipseLogger - Using 'UTF-8' encoding to copy filtered resources.
2019-01-26 14:55:58,420 [Worker-50] INFO  o.e.m.c.i.embedder.EclipseLogger - skip non existing resourceDirectory /home/divyendu/Desktop/Design Patterns/Java/Singleton Pattern/designPatterns/src/test/resources
2019-01-26 14:58:02,003 [Worker-49] INFO  o.e.m.c.i.embedder.EclipseLogger - Using 'UTF-8' encoding to copy filtered resources.
2019-01-26 14:58:02,008 [Worker-49] INFO  o.e.m.c.i.embedder.EclipseLogger - skip non existing resourceDirectory /home/divyendu/Desktop/Design Patterns/Java/Singleton Pattern/designPatterns/src/main/resources
2019-01-26 14:58:02,010 [Worker-49] INFO  o.e.m.c.i.embedder.EclipseLogger - Using 'UTF-8' encoding to copy filtered resources.
2019-01-26 14:58:02,013 [Worker-49] INFO  o.e.m.c.i.embedder.EclipseLogger - skip non existing resourceDirectory /home/divyendu/Desktop/Design Patterns/Java/Singleton Pattern/designPatterns/src/test/resources
2019-01-26 14:58:18,483 [Worker-46] INFO  o.e.m.c.i.embedder.EclipseLogger - Using 'UTF-8' encoding to copy filtered resources.
2019-01-26 14:58:18,483 [Worker-46] INFO  o.e.m.c.i.embedder.EclipseLogger - skip non existing resourceDirectory /home/divyendu/Desktop/Design Patterns/Java/Singleton Pattern/designPatterns/src/main/resources
2019-01-26 14:58:18,493 [Worker-46] INFO  o.e.m.c.i.embedder.EclipseLogger - Using 'UTF-8' encoding to copy filtered resources.
2019-01-26 14:58:18,493 [Worker-46] INFO  o.e.m.c.i.embedder.EclipseLogger - skip non existing resourceDirectory /home/divyendu/Desktop/Design Patterns/Java/Singleton Pattern/designPatterns/src/test/resources
2019-01-26 14:59:42,140 [Worker-49] INFO  o.e.m.c.i.embedder.EclipseLogger - Using 'UTF-8' encoding to copy filtered resources.
2019-01-26 14:59:42,158 [Worker-49] INFO  o.e.m.c.i.embedder.EclipseLogger - skip non existing resourceDirectory /home/divyendu/Desktop/Design Patterns/Java/Singleton Pattern/designPatterns/src/main/resources
2019-01-26 14:59:42,161 [Worker-49] INFO  o.e.m.c.i.embedder.EclipseLogger - Using 'UTF-8' encoding to copy filtered resources.
2019-01-26 14:59:42,161 [Worker-49] INFO  o.e.m.c.i.embedder.EclipseLogger - skip non existing resourceDirectory /home/divyendu/Desktop/Design Patterns/Java/Singleton Pattern/designPatterns/src/test/resources
2019-01-26 15:00:03,670 [Worker-51] INFO  o.e.m.c.i.embedder.EclipseLogger - Using 'UTF-8' encoding to copy filtered resources.
2019-01-26 15:00:03,670 [Worker-51] INFO  o.e.m.c.i.embedder.EclipseLogger - skip non existing resourceDirectory /home/divyendu/Desktop/Design Patterns/Java/Singleton Pattern/designPatterns/src/main/resources
2019-01-26 15:00:03,671 [Worker-51] INFO  o.e.m.c.i.embedder.EclipseLogger - Using 'UTF-8' encoding to copy filtered resources.
2019-01-26 15:00:03,671 [Worker-51] INFO  o.e.m.c.i.embedder.EclipseLogger - skip non existing resourceDirectory /home/divyendu/Desktop/Design Patterns/Java/Singleton Pattern/designPatterns/src/test/resources
2019-01-26 15:06:21,271 [Worker-50] INFO  o.e.m.c.i.embedder.EclipseLogger - Using 'UTF-8' encoding to copy filtered resources.
2019-01-26 15:06:21,272 [Worker-50] INFO  o.e.m.c.i.embedder.EclipseLogger - skip non existing resourceDirectory /home/divyendu/Desktop/Design Patterns/Java/Singleton Pattern/designPatterns/src/main/resources
2019-01-26 15:06:21,275 [Worker-50] INFO  o.e.m.c.i.embedder.EclipseLogger - Using 'UTF-8' encoding to copy filtered resources.
2019-01-26 15:06:21,275 [Worker-50] INFO  o.e.m.c.i.embedder.EclipseLogger - skip non existing resourceDirectory /home/divyendu/Desktop/Design Patterns/Java/Singleton Pattern/designPatterns/src/test/resources
2019-01-26 15:07:29,769 [Worker-50] INFO  o.e.m.c.i.embedder.EclipseLogger - Using 'UTF-8' encoding to copy filtered resources.
2019-01-26 15:07:29,769 [Worker-50] INFO  o.e.m.c.i.embedder.EclipseLogger - skip non existing resourceDirectory /home/divyendu/Desktop/Design Patterns/Java/Singleton Pattern/designPatterns/src/main/resources
2019-01-26 15:07:29,771 [Worker-50] INFO  o.e.m.c.i.embedder.EclipseLogger - Using 'UTF-8' encoding to copy filtered resources.
2019-01-26 15:07:29,771 [Worker-50] INFO  o.e.m.c.i.embedder.EclipseLogger - skip non existing resourceDirectory /home/divyendu/Desktop/Design Patterns/Java/Singleton Pattern/designPatterns/src/test/resources
2019-01-26 15:11:32,547 [Worker-52] INFO  o.e.m.c.i.embedder.EclipseLogger - Using 'UTF-8' encoding to copy filtered resources.
2019-01-26 15:11:32,559 [Worker-52] INFO  o.e.m.c.i.embedder.EclipseLogger - skip non existing resourceDirectory /home/divyendu/Desktop/Design Patterns/Java/Singleton Pattern/designPatterns/src/main/resources
2019-01-26 15:11:32,560 [Worker-52] INFO  o.e.m.c.i.embedder.EclipseLogger - Using 'UTF-8' encoding to copy filtered resources.
2019-01-26 15:11:32,561 [Worker-52] INFO  o.e.m.c.i.embedder.EclipseLogger - skip non existing resourceDirectory /home/divyendu/Desktop/Design Patterns/Java/Singleton Pattern/designPatterns/src/test/resources
2019-01-26 15:12:17,283 [Worker-54] INFO  o.e.m.c.i.embedder.EclipseLogger - Using 'UTF-8' encoding to copy filtered resources.
2019-01-26 15:12:17,283 [Worker-54] INFO  o.e.m.c.i.embedder.EclipseLogger - skip non existing resourceDirectory /home/divyendu/Desktop/Design Patterns/Java/Singleton Pattern/designPatterns/src/main/resources
2019-01-26 15:12:17,285 [Worker-54] INFO  o.e.m.c.i.embedder.EclipseLogger - Using 'UTF-8' encoding to copy filtered resources.
2019-01-26 15:12:17,285 [Worker-54] INFO  o.e.m.c.i.embedder.EclipseLogger - skip non existing resourceDirectory /home/divyendu/Desktop/Design Patterns/Java/Singleton Pattern/designPatterns/src/test/resources
2019-01-26 15:13:01,429 [Worker-48] INFO  o.e.m.c.i.embedder.EclipseLogger - Using 'UTF-8' encoding to copy filtered resources.
2019-01-26 15:13:01,467 [Worker-48] INFO  o.e.m.c.i.embedder.EclipseLogger - skip non existing resourceDirectory /home/divyendu/Desktop/Design Patterns/Java/Singleton Pattern/designPatterns/src/main/resources
2019-01-26 15:13:01,468 [Worker-48] INFO  o.e.m.c.i.embedder.EclipseLogger - Using 'UTF-8' encoding to copy filtered resources.
2019-01-26 15:13:01,483 [Worker-48] INFO  o.e.m.c.i.embedder.EclipseLogger - skip non existing resourceDirectory /home/divyendu/Desktop/Design Patterns/Java/Singleton Pattern/designPatterns/src/test/resources
2019-01-26 15:15:03,695 [Worker-58] INFO  o.e.m.c.i.embedder.EclipseLogger - Using 'UTF-8' encoding to copy filtered resources.
2019-01-26 15:15:03,724 [Worker-58] INFO  o.e.m.c.i.embedder.EclipseLogger - skip non existing resourceDirectory /home/divyendu/Desktop/Design Patterns/Java/Singleton Pattern/designPatterns/src/main/resources
2019-01-26 15:15:03,727 [Worker-58] INFO  o.e.m.c.i.embedder.EclipseLogger - Using 'UTF-8' encoding to copy filtered resources.
2019-01-26 15:15:03,740 [Worker-58] INFO  o.e.m.c.i.embedder.EclipseLogger - skip non existing resourceDirectory /home/divyendu/Desktop/Design Patterns/Java/Singleton Pattern/designPatterns/src/test/resources
2019-01-26 15:15:10,539 [Worker-57] INFO  o.e.m.c.i.embedder.EclipseLogger - Using 'UTF-8' encoding to copy filtered resources.
2019-01-26 15:15:10,539 [Worker-57] INFO  o.e.m.c.i.embedder.EclipseLogger - skip non existing resourceDirectory /home/divyendu/Desktop/Design Patterns/Java/Singleton Pattern/designPatterns/src/main/resources
2019-01-26 15:15:10,540 [Worker-57] INFO  o.e.m.c.i.embedder.EclipseLogger - Using 'UTF-8' encoding to copy filtered resources.
2019-01-26 15:15:10,541 [Worker-57] INFO  o.e.m.c.i.embedder.EclipseLogger - skip non existing resourceDirectory /home/divyendu/Desktop/Design Patterns/Java/Singleton Pattern/designPatterns/src/test/resources
2019-01-26 15:15:15,435 [Worker-54] INFO  o.e.m.c.i.embedder.EclipseLogger - Using 'UTF-8' encoding to copy filtered resources.
2019-01-26 15:15:15,435 [Worker-54] INFO  o.e.m.c.i.embedder.EclipseLogger - skip non existing resourceDirectory /home/divyendu/Desktop/Design Patterns/Java/Singleton Pattern/designPatterns/src/main/resources
2019-01-26 15:15:15,436 [Worker-54] INFO  o.e.m.c.i.embedder.EclipseLogger - Using 'UTF-8' encoding to copy filtered resources.
2019-01-26 15:15:15,439 [Worker-54] INFO  o.e.m.c.i.embedder.EclipseLogger - skip non existing resourceDirectory /home/divyendu/Desktop/Design Patterns/Java/Singleton Pattern/designPatterns/src/test/resources
2019-01-26 15:16:31,091 [Worker-54] INFO  o.e.m.c.i.embedder.EclipseLogger - Using 'UTF-8' encoding to copy filtered resources.
2019-01-26 15:16:31,092 [Worker-54] INFO  o.e.m.c.i.embedder.EclipseLogger - skip non existing resourceDirectory /home/divyendu/Desktop/Design Patterns/Java/Singleton Pattern/designPatterns/src/main/resources
2019-01-26 15:16:31,096 [Worker-54] INFO  o.e.m.c.i.embedder.EclipseLogger - Using 'UTF-8' encoding to copy filtered resources.
2019-01-26 15:16:31,128 [Worker-54] INFO  o.e.m.c.i.embedder.EclipseLogger - skip non existing resourceDirectory /home/divyendu/Desktop/Design Patterns/Java/Singleton Pattern/designPatterns/src/test/resources
2019-01-26 15:18:03,907 [Worker-59] INFO  o.e.m.c.i.embedder.EclipseLogger - Using 'UTF-8' encoding to copy filtered resources.
2019-01-26 15:18:03,908 [Worker-59] INFO  o.e.m.c.i.embedder.EclipseLogger - skip non existing resourceDirectory /home/divyendu/Desktop/Design Patterns/Java/Singleton Pattern/designPatterns/src/main/resources
2019-01-26 15:18:03,911 [Worker-59] INFO  o.e.m.c.i.embedder.EclipseLogger - Using 'UTF-8' encoding to copy filtered resources.
2019-01-26 15:18:03,911 [Worker-59] INFO  o.e.m.c.i.embedder.EclipseLogger - skip non existing resourceDirectory /home/divyendu/Desktop/Design Patterns/Java/Singleton Pattern/designPatterns/src/test/resources
2019-01-26 15:21:12,112 [Worker-38] INFO  o.e.m.c.i.embedder.EclipseLogger - Using 'UTF-8' encoding to copy filtered resources.
2019-01-26 15:21:12,164 [Worker-38] INFO  o.e.m.c.i.embedder.EclipseLogger - skip non existing resourceDirectory /home/divyendu/Desktop/Design Patterns/Java/Singleton Pattern/designPatterns/src/main/resources
2019-01-26 15:21:12,166 [Worker-38] INFO  o.e.m.c.i.embedder.EclipseLogger - Using 'UTF-8' encoding to copy filtered resources.
2019-01-26 15:21:12,166 [Worker-38] INFO  o.e.m.c.i.embedder.EclipseLogger - skip non existing resourceDirectory /home/divyendu/Desktop/Design Patterns/Java/Singleton Pattern/designPatterns/src/test/resources
2019-01-26 15:29:06,845 [Worker-4] INFO  c.g.t.t.d.PublishedGradleVersions - Gradle version information cache is up-to-date. Trying to read.
2019-01-26 15:30:33,555 [Worker-4] INFO  o.e.m.c.i.embedder.EclipseLogger - Using 'UTF-8' encoding to copy filtered resources.
2019-01-26 15:30:33,556 [Worker-4] INFO  o.e.m.c.i.embedder.EclipseLogger - skip non existing resourceDirectory /home/divyendu/Desktop/Design Patterns/Java/Singleton Pattern/designPatterns/src/main/resources
2019-01-26 15:30:33,563 [Worker-4] INFO  o.e.m.c.i.embedder.EclipseLogger - Using 'UTF-8' encoding to copy filtered resources.
2019-01-26 15:30:33,563 [Worker-4] INFO  o.e.m.c.i.embedder.EclipseLogger - skip non existing resourceDirectory /home/divyendu/Desktop/Design Patterns/Java/Singleton Pattern/designPatterns/src/test/resources
2019-01-26 15:31:15,419 [Worker-3] INFO  o.e.m.c.i.embedder.EclipseLogger - Using 'UTF-8' encoding to copy filtered resources.
2019-01-26 15:31:15,425 [Worker-3] INFO  o.e.m.c.i.embedder.EclipseLogger - skip non existing resourceDirectory /home/divyendu/Desktop/Design Patterns/Java/Singleton Pattern/designPatterns/src/main/resources
2019-01-26 15:31:15,428 [Worker-3] INFO  o.e.m.c.i.embedder.EclipseLogger - Using 'UTF-8' encoding to copy filtered resources.
2019-01-26 15:31:15,429 [Worker-3] INFO  o.e.m.c.i.embedder.EclipseLogger - skip non existing resourceDirectory /home/divyendu/Desktop/Design Patterns/Java/Singleton Pattern/designPatterns/src/test/resources
2019-01-26 15:31:26,280 [Worker-3] INFO  o.e.m.c.i.embedder.EclipseLogger - Using 'UTF-8' encoding to copy filtered resources.
2019-01-26 15:31:26,280 [Worker-3] INFO  o.e.m.c.i.embedder.EclipseLogger - skip non existing resourceDirectory /home/divyendu/Desktop/Design Patterns/Java/Singleton Pattern/designPatterns/src/main/resources
2019-01-26 15:31:26,282 [Worker-3] INFO  o.e.m.c.i.embedder.EclipseLogger - Using 'UTF-8' encoding to copy filtered resources.
2019-01-26 15:31:26,283 [Worker-3] INFO  o.e.m.c.i.embedder.EclipseLogger - skip non existing resourceDirectory /home/divyendu/Desktop/Design Patterns/Java/Singleton Pattern/designPatterns/src/test/resources
2019-01-26 15:31:57,690 [Worker-16] INFO  o.e.m.c.i.embedder.EclipseLogger - Using 'UTF-8' encoding to copy filtered resources.
2019-01-26 15:31:57,691 [Worker-16] INFO  o.e.m.c.i.embedder.EclipseLogger - skip non existing resourceDirectory /home/divyendu/Desktop/Design Patterns/Java/Singleton Pattern/designPatterns/src/main/resources
2019-01-26 15:31:57,693 [Worker-16] INFO  o.e.m.c.i.embedder.EclipseLogger - Using 'UTF-8' encoding to copy filtered resources.
2019-01-26 15:31:57,693 [Worker-16] INFO  o.e.m.c.i.embedder.EclipseLogger - skip non existing resourceDirectory /home/divyendu/Desktop/Design Patterns/Java/Singleton Pattern/designPatterns/src/test/resources
2019-01-26 15:32:56,192 [Worker-8] INFO  o.e.m.c.i.embedder.EclipseLogger - Using 'UTF-8' encoding to copy filtered resources.
2019-01-26 15:32:56,192 [Worker-8] INFO  o.e.m.c.i.embedder.EclipseLogger - skip non existing resourceDirectory /home/divyendu/Desktop/Design Patterns/Java/Singleton Pattern/designPatterns/src/main/resources
2019-01-26 15:32:56,194 [Worker-8] INFO  o.e.m.c.i.embedder.EclipseLogger - Using 'UTF-8' encoding to copy filtered resources.
2019-01-26 15:32:56,194 [Worker-8] INFO  o.e.m.c.i.embedder.EclipseLogger - skip non existing resourceDirectory /home/divyendu/Desktop/Design Patterns/Java/Singleton Pattern/designPatterns/src/test/resources
2019-01-26 15:33:01,920 [Worker-2] INFO  o.e.m.c.i.embedder.EclipseLogger - Using 'UTF-8' encoding to copy filtered resources.
2019-01-26 15:33:01,921 [Worker-2] INFO  o.e.m.c.i.embedder.EclipseLogger - skip non existing resourceDirectory /home/divyendu/Desktop/Design Patterns/Java/Singleton Pattern/designPatterns/src/main/resources
2019-01-26 15:33:01,923 [Worker-2] INFO  o.e.m.c.i.embedder.EclipseLogger - Using 'UTF-8' encoding to copy filtered resources.
2019-01-26 15:33:01,923 [Worker-2] INFO  o.e.m.c.i.embedder.EclipseLogger - skip non existing resourceDirectory /home/divyendu/Desktop/Design Patterns/Java/Singleton Pattern/designPatterns/src/test/resources
2019-01-26 15:37:25,249 [Worker-3] INFO  o.e.m.c.i.embedder.EclipseLogger - Using 'UTF-8' encoding to copy filtered resources.
2019-01-26 15:37:25,250 [Worker-3] INFO  o.e.m.c.i.embedder.EclipseLogger - skip non existing resourceDirectory /home/divyendu/Desktop/Design Patterns/Java/Singleton Pattern/designPatterns/src/main/resources
2019-01-26 15:37:25,252 [Worker-3] INFO  o.e.m.c.i.embedder.EclipseLogger - Using 'UTF-8' encoding to copy filtered resources.
2019-01-26 15:37:25,253 [Worker-3] INFO  o.e.m.c.i.embedder.EclipseLogger - skip non existing resourceDirectory /home/divyendu/Desktop/Design Patterns/Java/Singleton Pattern/designPatterns/src/test/resources
2019-01-26 15:38:12,945 [Worker-16] INFO  o.e.m.c.i.embedder.EclipseLogger - Using 'UTF-8' encoding to copy filtered resources.
2019-01-26 15:38:12,945 [Worker-16] INFO  o.e.m.c.i.embedder.EclipseLogger - skip non existing resourceDirectory /home/divyendu/Desktop/Design Patterns/Java/Singleton Pattern/designPatterns/src/main/resources
2019-01-26 15:38:12,949 [Worker-16] INFO  o.e.m.c.i.embedder.EclipseLogger - Using 'UTF-8' encoding to copy filtered resources.
2019-01-26 15:38:12,949 [Worker-16] INFO  o.e.m.c.i.embedder.EclipseLogger - skip non existing resourceDirectory /home/divyendu/Desktop/Design Patterns/Java/Singleton Pattern/designPatterns/src/test/resources
2019-01-26 15:41:27,704 [Worker-3] INFO  o.e.m.c.i.embedder.EclipseLogger - Using 'UTF-8' encoding to copy filtered resources.
2019-01-26 15:41:27,705 [Worker-3] INFO  o.e.m.c.i.embedder.EclipseLogger - skip non existing resourceDirectory /home/divyendu/Desktop/Design Patterns/Java/Singleton Pattern/designPatterns/src/main/resources
2019-01-26 15:41:27,707 [Worker-3] INFO  o.e.m.c.i.embedder.EclipseLogger - Using 'UTF-8' encoding to copy filtered resources.
2019-01-26 15:41:27,707 [Worker-3] INFO  o.e.m.c.i.embedder.EclipseLogger - skip non existing resourceDirectory /home/divyendu/Desktop/Design Patterns/Java/Singleton Pattern/designPatterns/src/test/resources
2019-01-26 15:43:59,590 [Worker-23] INFO  o.e.m.c.i.embedder.EclipseLogger - Using 'UTF-8' encoding to copy filtered resources.
2019-01-26 15:43:59,590 [Worker-23] INFO  o.e.m.c.i.embedder.EclipseLogger - skip non existing resourceDirectory /home/divyendu/Desktop/Design Patterns/Java/Singleton Pattern/designPatterns/src/main/resources
2019-01-26 15:43:59,592 [Worker-23] INFO  o.e.m.c.i.embedder.EclipseLogger - Using 'UTF-8' encoding to copy filtered resources.
2019-01-26 15:43:59,592 [Worker-23] INFO  o.e.m.c.i.embedder.EclipseLogger - skip non existing resourceDirectory /home/divyendu/Desktop/Design Patterns/Java/Singleton Pattern/designPatterns/src/test/resources
2019-01-26 15:44:29,974 [Worker-20] INFO  o.e.m.c.i.embedder.EclipseLogger - Using 'UTF-8' encoding to copy filtered resources.
2019-01-26 15:44:29,974 [Worker-20] INFO  o.e.m.c.i.embedder.EclipseLogger - skip non existing resourceDirectory /home/divyendu/Desktop/Design Patterns/Java/Singleton Pattern/designPatterns/src/main/resources
2019-01-26 15:44:29,976 [Worker-20] INFO  o.e.m.c.i.embedder.EclipseLogger - Using 'UTF-8' encoding to copy filtered resources.
2019-01-26 15:44:29,976 [Worker-20] INFO  o.e.m.c.i.embedder.EclipseLogger - skip non existing resourceDirectory /home/divyendu/Desktop/Design Patterns/Java/Singleton Pattern/designPatterns/src/test/resources
2019-01-26 15:47:22,917 [Worker-25] INFO  o.e.m.c.i.embedder.EclipseLogger - Using 'UTF-8' encoding to copy filtered resources.
2019-01-26 15:47:22,917 [Worker-25] INFO  o.e.m.c.i.embedder.EclipseLogger - skip non existing resourceDirectory /home/divyendu/Desktop/Design Patterns/Java/Singleton Pattern/designPatterns/src/main/resources
2019-01-26 15:47:22,919 [Worker-25] INFO  o.e.m.c.i.embedder.EclipseLogger - Using 'UTF-8' encoding to copy filtered resources.
2019-01-26 15:47:22,919 [Worker-25] INFO  o.e.m.c.i.embedder.EclipseLogger - skip non existing resourceDirectory /home/divyendu/Desktop/Design Patterns/Java/Singleton Pattern/designPatterns/src/test/resources
2019-01-26 15:47:57,429 [Worker-20] INFO  o.e.m.c.i.embedder.EclipseLogger - Using 'UTF-8' encoding to copy filtered resources.
2019-01-26 15:47:57,429 [Worker-20] INFO  o.e.m.c.i.embedder.EclipseLogger - skip non existing resourceDirectory /home/divyendu/Desktop/Design Patterns/Java/Singleton Pattern/designPatterns/src/main/resources
2019-01-26 15:47:57,431 [Worker-20] INFO  o.e.m.c.i.embedder.EclipseLogger - Using 'UTF-8' encoding to copy filtered resources.
2019-01-26 15:47:57,431 [Worker-20] INFO  o.e.m.c.i.embedder.EclipseLogger - skip non existing resourceDirectory /home/divyendu/Desktop/Design Patterns/Java/Singleton Pattern/designPatterns/src/test/resources
